This is pdfTeX, Version 3.141592653-2.6-1.40.24 (MiKTeX 21.12) (preloaded format=pdflatex 2021.12.19)  31 MAY 2022 14:09
entering extended mode
 restricted \write18 enabled.
 %&-line parsing enabled.
**"./sec laues eqn.tex"
(sec laues eqn.tex
LaTeX2e <2021-11-15> patch level 1
L3 programming layer <2021-11-22>
(D:\Programs\Mintex\tex/latex/base\article.cls
Document Class: article 2021/10/04 v1.4n Standard LaTeX document class
(D:\Programs\Mintex\tex/latex/base\size12.clo
File: size12.clo 2021/10/04 v1.4n Standard LaTeX file (size option)
)
\c@part=\count183
\c@section=\count184
\c@subsection=\count185
\c@subsubsection=\count186
\c@paragraph=\count187
\c@subparagraph=\count188
\c@figure=\count189
\c@table=\count190
\abovecaptionskip=\skip47
\belowcaptionskip=\skip48
\bibindent=\dimen138
)
(D:\Programs\Mintex\tex/latex/graphics\graphicx.sty
Package: graphicx 2021/09/16 v1.2d Enhanced LaTeX Graphics (DPC,SPQR)

(D:\Programs\Mintex\tex/latex/graphics\keyval.sty
Package: keyval 2014/10/28 v1.15 key=value parser (DPC)
\KV@toks@=\toks16
)
(D:\Programs\Mintex\tex/latex/graphics\graphics.sty
Package: graphics 2021/03/04 v1.4d Standard LaTeX Graphics (DPC,SPQR)

(D:\Programs\Mintex\tex/latex/graphics\trig.sty
Package: trig 2021/08/11 v1.11 sin cos tan (DPC)
)
(D:\Programs\Mintex\tex/latex/graphics-cfg\graphics.cfg
File: graphics.cfg 2016/06/04 v1.11 sample graphics configuration
)
Package graphics Info: Driver file: pdftex.def on input line 107.

(D:\Programs\Mintex\tex/latex/graphics-def\pdftex.def
File: pdftex.def 2020/10/05 v1.2a Graphics/color driver for pdftex
))
\Gin@req@height=\dimen139
\Gin@req@width=\dimen140
)
(D:\Programs\Mintex\tex/latex/l3backend\l3backend-pdftex.def
File: l3backend-pdftex.def 2021-10-18 L3 backend support: PDF output (pdfTeX)
\l__color_backend_stack_int=\count191
\l__pdf_internal_box=\box50
)
(sec laues eqn.aux)
\openout1 = `"sec laues eqn.aux"'.

LaTeX Font Info:    Checking defaults for OML/cmm/m/it on input line 12.
LaTeX Font Info:    ... okay on input line 12.
LaTeX Font Info:    Checking defaults for OMS/cmsy/m/n on input line 12.
LaTeX Font Info:    ... okay on input line 12.
LaTeX Font Info:    Checking defaults for OT1/cmr/m/n on input line 12.
LaTeX Font Info:    ... okay on input line 12.
LaTeX Font Info:    Checking defaults for T1/cmr/m/n on input line 12.
LaTeX Font Info:    ... okay on input line 12.
LaTeX Font Info:    Checking defaults for TS1/cmr/m/n on input line 12.
LaTeX Font Info:    ... okay on input line 12.
LaTeX Font Info:    Checking defaults for OMX/cmex/m/n on input line 12.
LaTeX Font Info:    ... okay on input line 12.
LaTeX Font Info:    Checking defaults for U/cmr/m/n on input line 12.
LaTeX Font Info:    ... okay on input line 12.
 (D:\Programs\Mintex\tex/context/base/mkii\supp-pdf.mkii
[Loading MPS to PDF converter (version 2006.09.02).]
\scratchcounter=\count192
\scratchdimen=\dimen141
\scratchbox=\box51
\nofMPsegments=\count193
\nofMParguments=\count194
\everyMPshowfont=\toks17
\MPscratchCnt=\count195
\MPscratchDim=\dimen142
\MPnumerator=\count196
\makeMPintoPDFobject=\count197
\everyMPtoPDFconversion=\toks18
) (D:\Programs\Mintex\tex/latex/epstopdf-pkg\epstopdf-base.sty
Package: epstopdf-base 2020-01-24 v2.11 Base part for package epstopdf
Package epstopdf-base Info: Redefining graphics rule for `.eps' on input line 4
85.

(D:\Programs\Mintex\tex/latex/00miktex\epstopdf-sys.cfg
File: epstopdf-sys.cfg 2021/03/18 v2.0 Configuration of epstopdf for MiKTeX
))
LaTeX Font Info:    External font `cmex10' loaded for size
(Font)              <14.4> on input line 13.
LaTeX Font Info:    External font `cmex10' loaded for size
(Font)              <7> on input line 13.
<laue.jpg, id=1, 401.5pt x 393.47pt>
File: laue.jpg Graphic file (type jpg)
<use laue.jpg>
Package pdftex.def Info: laue.jpg  used on input line 28.
(pdftex.def)             Requested size: 113.81102pt x 111.53372pt.
LaTeX Font Info:    External font `cmex10' loaded for size
(Font)              <12> on input line 34.
LaTeX Font Info:    External font `cmex10' loaded for size
(Font)              <8> on input line 34.
LaTeX Font Info:    External font `cmex10' loaded for size
(Font)              <6> on input line 34.
 [1

{C:/Users/SOUVIK CHAKRABORTY/AppData/Local/MiKTeX/fonts/map/pdftex/pdftex.map} 
<./laue.jpg>]
<la.jpg, id=12, 614.295pt x 227.8914pt>
File: la.jpg Graphic file (type jpg)
<use la.jpg>
Package pdftex.def Info: la.jpg  used on input line 53.
(pdftex.def)             Requested size: 512.1496pt x 190.00871pt.

Overfull \hbox (28.45276pt too wide) in paragraph at lines 53--54
 [][] 
 []

[2 <./la.jpg>]

LaTeX Font Warning: Command \large invalid in math mode on input line 88.


LaTeX Font Warning: Command \large invalid in math mode on input line 104.

[3]
<lau.jpg, id=20, 614.295pt x 234.8775pt>
File: lau.jpg Graphic file (type jpg)
<use lau.jpg>
Package pdftex.def Info: lau.jpg  used on input line 114.
(pdftex.def)             Requested size: 455.24408pt x 174.06467pt.
<fourfold.jpg, id=21, 752.8125pt x 596.2275pt>
File: fourfold.jpg Graphic file (type jpg)
<use fourfold.jpg>
Package pdftex.def Info: fourfold.jpg  used on input line 130.
(pdftex.def)             Requested size: 398.33858pt x 315.4896pt.
 [4 <./lau.jpg>] [5 <./fourfold.jpg>]
<NaCl.jpg, id=28, 523.9575pt x 403.5075pt>
File: NaCl.jpg Graphic file (type jpg)
<use NaCl.jpg>
Package pdftex.def Info: NaCl.jpg  used on input line 149.
(pdftex.def)             Requested size: 284.52756pt x 219.12221pt.
<Silicon.jpg, id=29, 1421.31pt x 1654.18pt>
File: Silicon.jpg Graphic file (type jpg)
<use Silicon.jpg>
Package pdftex.def Info: Silicon.jpg  used on input line 156.
(pdftex.def)             Requested size: 142.26378pt x 165.5539pt.
 [6 <./NaCl.jpg> <./Silicon.jpg>]
<fluorite.jpg, id=34, 1208.515pt x 1220.56pt>
File: fluorite.jpg Graphic file (type jpg)
<use fluorite.jpg>
Package pdftex.def Info: fluorite.jpg  used on input line 165.
(pdftex.def)             Requested size: 227.62204pt x 229.87877pt.
<quartz.jpg, id=35, 1027.84pt x 875.27pt>
File: quartz.jpg Graphic file (type jpg)
<use quartz.jpg>
Package pdftex.def Info: quartz.jpg  used on input line 172.
(pdftex.def)             Requested size: 284.52756pt x 242.29597pt.

[7 <./fluorite.jpg> <./quartz.jpg>]
<gypsum.jpg, id=40, 1622.06pt x 1662.21pt>
File: gypsum.jpg Graphic file (type jpg)
<use gypsum.jpg>
Package pdftex.def Info: gypsum.jpg  used on input line 181.
(pdftex.def)             Requested size: 284.52756pt x 291.55055pt.
<zinc.jpg, id=41, 1236.62pt x 1172.38pt>
File: zinc.jpg Graphic file (type jpg)
<use zinc.jpg>
Package pdftex.def Info: zinc.jpg  used on input line 188.
(pdftex.def)             Requested size: 199.16928pt x 188.81897pt.
 [8 <./gypsum.jpg> <./zinc.jpg>] [9]
(sec laues eqn.aux) ) 
Here is how much of TeX's memory you used:
 1362 strings out of 478659
 21633 string characters out of 2858124
 329410 words of memory out of 3000000
 19493 multiletter control sequences out of 15000+600000
 409282 words of font info for 46 fonts, out of 8000000 for 9000
 1141 hyphenation exceptions out of 8191
 55i,7n,62p,568b,308s stack positions out of 5000i,500n,10000p,200000b,80000s
{D:/Programs/Mintex/fonts/enc/dvips/cm-super/cm-super-ts1.
enc}<D:/Programs/Mintex/fonts/type1/public/amsfonts/cm/cmbx12.pfb><D:/Programs/
Mintex/fonts/type1/public/amsfonts/cm/cmmi12.pfb><D:/Programs/Mintex/fonts/type
1/public/amsfonts/cm/cmmi8.pfb><D:/Programs/Mintex/fonts/type1/public/amsfonts/
cm/cmr12.pfb><D:/Programs/Mintex/fonts/type1/public/amsfonts/cm/cmr17.pfb><D:/P
rograms/Mintex/fonts/type1/public/amsfonts/cm/cmr8.pfb><D:/Programs/Mintex/font
s/type1/public/amsfonts/cm/cmsy10.pfb><D:/Programs/Mintex/fonts/type1/public/am
sfonts/cm/cmti12.pfb><D:/Programs/Mintex/fonts/type1/public/cm-super/sfrm1200.p
fb>
Output written on "sec laues eqn.pdf" (9 pages, 2294716 bytes).
PDF statistics:
 88 PDF objects out of 1000 (max. 8388607)
 0 named destinations out of 1000 (max. 500000)
 51 words of extra memory for PDF output out of 10000 (max. 10000000)

